<?xml version="1.0" encoding="UTF-8"?>
<!-- Generated by org.testng.reporters.JUnitReportReporter -->
<testsuite hostname="DESKTOP-E2FKL69" name="com.mukesh.sel.hybrid.framework.testcases.VerifyHomePage" tests="1" failures="0" timestamp="26 Nov 2017 21:42:41 GMT" time="20.676" errors="0">
  <testcase name="testHomePage" time="20.676" classname="com.mukesh.sel.hybrid.framework.testcases.VerifyHomePage"/>
</testsuite> <!-- com.mukesh.sel.hybrid.framework.testcases.VerifyHomePage -->
