<?xml version="1.0" encoding="UTF-8"?>
<!-- Generated by org.testng.reporters.JUnitReportReporter -->
<testsuite hostname="DESKTOP-E2FKL69" name="com.mukesh.sel.hybrid.framework.testcases.VerifyLoginPageWithExtentReportsAndScreenshots" tests="1" failures="0" timestamp="26 Nov 2017 22:18:16 GMT" time="40.160" errors="0">
  <testcase name="testHomePage" time="40.160" classname="com.mukesh.sel.hybrid.framework.testcases.VerifyLoginPageWithExtentReportsAndScreenshots"/>
</testsuite> <!-- com.mukesh.sel.hybrid.framework.testcases.VerifyLoginPageWithExtentReportsAndScreenshots -->
