<?xml version="1.0" encoding="UTF-8"?>
<!-- Generated by org.testng.reporters.JUnitReportReporter -->
<testsuite hostname="DESKTOP-E2FKL69" name="com.mukesh.sel.hybrid.framework.testcases.VerifyLoginPage" tests="1" failures="0" timestamp="26 Nov 2017 21:42:41 GMT" time="30.878" errors="0">
  <testcase name="testHomePage" time="30.878" classname="com.mukesh.sel.hybrid.framework.testcases.VerifyLoginPage"/>
</testsuite> <!-- com.mukesh.sel.hybrid.framework.testcases.VerifyLoginPage -->
